2026-06-03 17:20:59 - LeapNet                   - INFO    : Model {lips-poc--powergrid-benchmark1-tf_leapnet_DEFAULT} is loaded from {/home/luthfi/lips-poc/models/lips-poc--powergrid-benchmark1-tf_leapnet_DEFAULT}
2026-06-03 17:21:04 - Benchmark                 - INFO    : Benchmark Benchmark1, evaluation using lips-poc--powergrid-benchmark1-tf_leapnet_DEFAULT on test dataset
2026-06-03 17:27:53 - LeapNet                   - INFO    : Model {lips-poc--powergrid-benchmark1-tf_leapnet_DEFAULT} is loaded from {/home/luthfi/lips-poc/models/lips-poc--powergrid-benchmark1-tf_leapnet_DEFAULT}
2026-06-03 17:27:55 - Benchmark                 - INFO    : Benchmark Benchmark1, evaluation using lips-poc--powergrid-benchmark1-tf_leapnet_DEFAULT on test dataset
2026-06-03 17:33:26 - LeapNet                   - INFO    : Model {lips-poc--powergrid-benchmark1-tf_leapnet_DEFAULT} is loaded from {/home/luthfi/lips-poc/models/lips-poc--powergrid-benchmark1-tf_leapnet_DEFAULT}
2026-06-03 17:33:37 - TorchSimulator            - INFO    : Model {lips-poc--powergrid-benchmark1-torch_fc_DEFAULT} is loaded from {/home/luthfi/lips-poc/models/lips-poc--powergrid-benchmark1-torch_fc_DEFAULT}
2026-06-03 17:33:40 - Benchmark                 - INFO    : Benchmark Benchmark1, evaluation using lips-poc--powergrid-benchmark1-torch_fc_DEFAULT on test dataset
2026-06-03 17:33:40 - PowerGridEvaluation       - INFO    : MSE_avg for a_or: 138159.11
2026-06-03 17:33:40 - PowerGridEvaluation       - INFO    : MSE_avg for a_ex: 274343.84
2026-06-03 17:33:40 - PowerGridEvaluation       - INFO    : MAE_avg for a_or: 255.68
2026-06-03 17:33:40 - PowerGridEvaluation       - INFO    : MAE_avg for a_ex: 371.30
2026-06-03 17:33:40 - PowerGridEvaluation       - INFO    : MAPE_avg for a_or: 4327672129781760.00
2026-06-03 17:33:40 - PowerGridEvaluation       - INFO    : MAPE_avg for a_ex: 4333178814726144.00
2026-06-03 17:33:40 - PowerGridEvaluation       - INFO    : MAPE_90_avg for a_or: 0.92
2026-06-03 17:33:40 - PowerGridEvaluation       - INFO    : MAPE_90_avg for a_ex: 0.95
2026-06-03 17:33:40 - PowerGridEvaluation       - INFO    : TIME_INF for lips-poc--powergrid-benchmark1-torch_fc_DEFAULT: 0.033251280983677134
2026-06-03 17:33:40 - PhysicsCompliances        - INFO    : the sum of negative current values (A) for a_or: 12199.729
2026-06-03 17:33:40 - PhysicsCompliances        - INFO    : the sum of negative current values (A) for a_ex: 11982.188
2026-06-03 17:33:40 - PowerGridEvaluation       - INFO    : TIME_INF for lips-poc--powergrid-benchmark1-torch_fc_DEFAULT: 0.016579896997427568
2026-06-03 17:33:40 - Benchmark                 - INFO    : Benchmark Benchmark1, evaluation using lips-poc--powergrid-benchmark1-torch_fc_DEFAULT on test_ood_topo dataset
2026-06-03 17:33:40 - PowerGridEvaluation       - INFO    : MSE_avg for a_or: 177401.70
2026-06-03 17:33:40 - PowerGridEvaluation       - INFO    : MSE_avg for a_ex: 336151.44
2026-06-03 17:33:40 - PowerGridEvaluation       - INFO    : MAE_avg for a_or: 282.50
2026-06-03 17:33:40 - PowerGridEvaluation       - INFO    : MAE_avg for a_ex: 399.27
2026-06-03 17:33:40 - PowerGridEvaluation       - INFO    : MAPE_avg for a_or: 8944863173148672.00
2026-06-03 17:33:40 - PowerGridEvaluation       - INFO    : MAPE_avg for a_ex: 8929179563196416.00
2026-06-03 17:33:40 - PowerGridEvaluation       - INFO    : MAPE_90_avg for a_or: 0.94
2026-06-03 17:33:40 - PowerGridEvaluation       - INFO    : MAPE_90_avg for a_ex: 0.96
2026-06-03 17:33:40 - PowerGridEvaluation       - INFO    : TIME_INF for lips-poc--powergrid-benchmark1-torch_fc_DEFAULT: 0.017507879994809628
2026-06-03 17:33:40 - PhysicsCompliances        - INFO    : the sum of negative current values (A) for a_or: 12188.972
2026-06-03 17:33:40 - PhysicsCompliances        - INFO    : the sum of negative current values (A) for a_ex: 11959.207
2026-06-03 17:33:40 - PowerGridEvaluation       - INFO    : TIME_INF for lips-poc--powergrid-benchmark1-torch_fc_DEFAULT: 0.02315208301297389
2026-06-03 23:25:44 - LeapNet                   - INFO    : Model {lips-poc--powergrid-benchmark1-tf_leapnet_DEFAULT} is loaded from {/home/luthfi/lips-poc/models/lips-poc--powergrid-benchmark1-tf_leapnet_DEFAULT}
2026-06-03 23:40:45 - TfFullyConnected          - INFO    : Model {lips-poc--powergrid-benchmark1-tf_fc_DEFAULT} is loaded from {/home/luthfi/lips-poc/models/lips-poc--powergrid-benchmark1-tf_fc_DEFAULT}
2026-06-03 23:40:48 - Benchmark                 - INFO    : Benchmark Benchmark1, evaluation using lips-poc--powergrid-benchmark1-tf_fc_DEFAULT on test dataset
2026-06-03 23:42:31 - TfFullyConnected          - INFO    : Model {lips-poc--powergrid-benchmark1-tf_fc_DEFAULT} is loaded from {/home/luthfi/lips-poc/models/lips-poc--powergrid-benchmark1-tf_fc_DEFAULT}
2026-06-03 23:42:34 - Benchmark                 - INFO    : Benchmark Benchmark1, evaluation using lips-poc--powergrid-benchmark1-tf_fc_DEFAULT on test dataset
2026-06-03 23:42:35 - PowerGridEvaluation       - INFO    : MSE_avg for a_or: 143833.50
2026-06-03 23:42:35 - PowerGridEvaluation       - INFO    : MSE_avg for a_ex: 280600.12
2026-06-03 23:42:35 - PowerGridEvaluation       - INFO    : MAE_avg for a_or: 261.10
2026-06-03 23:42:35 - PowerGridEvaluation       - INFO    : MAE_avg for a_ex: 376.67
2026-06-03 23:42:35 - PowerGridEvaluation       - INFO    : MAPE_avg for a_or: 4217810624446464.00
2026-06-03 23:42:35 - PowerGridEvaluation       - INFO    : MAPE_avg for a_ex: 4201778048401408.00
2026-06-03 23:42:35 - PowerGridEvaluation       - INFO    : MAPE_90_avg for a_or: 0.93
2026-06-03 23:42:35 - PowerGridEvaluation       - INFO    : MAPE_90_avg for a_ex: 0.95
2026-06-03 23:42:35 - PowerGridEvaluation       - INFO    : TIME_INF for lips-poc--powergrid-benchmark1-tf_fc_DEFAULT: 0.10203444401849993
2026-06-03 23:42:35 - PhysicsCompliances        - INFO    : the sum of negative current values (A) for a_or: 59278.703
2026-06-03 23:42:35 - PhysicsCompliances        - INFO    : the sum of negative current values (A) for a_ex: 58224.766
2026-06-03 23:42:35 - PowerGridEvaluation       - INFO    : TIME_INF for lips-poc--powergrid-benchmark1-tf_fc_DEFAULT: 0.11238495499128476
2026-06-03 23:42:35 - Benchmark                 - INFO    : Benchmark Benchmark1, evaluation using lips-poc--powergrid-benchmark1-tf_fc_DEFAULT on test_ood_topo dataset
2026-06-03 23:42:35 - PowerGridEvaluation       - INFO    : MSE_avg for a_or: 183969.38
2026-06-03 23:42:35 - PowerGridEvaluation       - INFO    : MSE_avg for a_ex: 343423.72
2026-06-03 23:42:35 - PowerGridEvaluation       - INFO    : MAE_avg for a_or: 287.79
2026-06-03 23:42:35 - PowerGridEvaluation       - INFO    : MAE_avg for a_ex: 404.55
2026-06-03 23:42:35 - PowerGridEvaluation       - INFO    : MAPE_avg for a_or: 8467481316294656.00
2026-06-03 23:42:35 - PowerGridEvaluation       - INFO    : MAPE_avg for a_ex: 8423113230385152.00
2026-06-03 23:42:35 - PowerGridEvaluation       - INFO    : MAPE_90_avg for a_or: 0.94
2026-06-03 23:42:35 - PowerGridEvaluation       - INFO    : MAPE_90_avg for a_ex: 0.96
2026-06-03 23:42:36 - PowerGridEvaluation       - INFO    : TIME_INF for lips-poc--powergrid-benchmark1-tf_fc_DEFAULT: 0.1448976400133688
2026-06-03 23:42:36 - PhysicsCompliances        - INFO    : the sum of negative current values (A) for a_or: 57300.695
2026-06-03 23:42:36 - PhysicsCompliances        - INFO    : the sum of negative current values (A) for a_ex: 56330.945
2026-06-03 23:42:36 - PowerGridEvaluation       - INFO    : TIME_INF for lips-poc--powergrid-benchmark1-tf_fc_DEFAULT: 0.10918471601326019
2026-06-03 23:42:56 - LeapNet                   - INFO    : Model {lips-poc--powergrid-benchmark1-tf_leapnet_DEFAULT} is loaded from {/home/luthfi/lips-poc/models/lips-poc--powergrid-benchmark1-tf_leapnet_DEFAULT}
2026-06-03 23:42:59 - Benchmark                 - INFO    : Benchmark Benchmark1, evaluation using lips-poc--powergrid-benchmark1-tf_leapnet_DEFAULT on test dataset
2026-06-03 23:47:02 - LeapNet                   - INFO    : Model {lips-poc--powergrid-benchmark1-tf_leapnet_DEFAULT} is loaded from {/home/luthfi/lips-poc/models/lips-poc--powergrid-benchmark1-tf_leapnet_DEFAULT}
2026-06-03 23:47:04 - Benchmark                 - INFO    : Benchmark Benchmark1, evaluation using lips-poc--powergrid-benchmark1-tf_leapnet_DEFAULT on test dataset
2026-06-03 23:51:42 - LeapNet                   - INFO    : Model {lips-poc--powergrid-benchmark1-tf_leapnet_DEFAULT} is loaded from {/home/luthfi/lips-poc/models/lips-poc--powergrid-benchmark1-tf_leapnet_DEFAULT}
2026-06-03 23:51:44 - Benchmark                 - INFO    : Benchmark Benchmark1, evaluation using lips-poc--powergrid-benchmark1-tf_leapnet_DEFAULT on test dataset
2026-06-03 23:55:06 - LeapNet                   - INFO    : Model {lips-poc--powergrid-benchmark1-tf_leapnet_DEFAULT} is loaded from {/home/luthfi/lips-poc/models/lips-poc--powergrid-benchmark1-tf_leapnet_DEFAULT}
2026-06-03 23:55:08 - Benchmark                 - INFO    : Benchmark Benchmark1, evaluation using lips-poc--powergrid-benchmark1-tf_leapnet_DEFAULT on test dataset
2026-06-04 10:13:28 - LeapNet                   - INFO    : Model {lips-poc--powergrid-benchmark1-tf_leapnet_DEFAULT} is loaded from {/home/luthfi/lips-poc/models/lips-poc--powergrid-benchmark1-tf_leapnet_DEFAULT}
2026-06-04 10:13:30 - Benchmark                 - INFO    : Benchmark Benchmark1, evaluation using lips-poc--powergrid-benchmark1-tf_leapnet_DEFAULT on test dataset
2026-06-04 10:20:45 - LeapNet                   - INFO    : Model {lips-poc--powergrid-benchmark1-tf_leapnet_DEFAULT} is loaded from {/home/luthfi/lips-poc/models/lips-poc--powergrid-benchmark1-tf_leapnet_DEFAULT}
2026-06-04 10:20:49 - Benchmark                 - INFO    : Benchmark Benchmark1, evaluation using lips-poc--powergrid-benchmark1-tf_leapnet_DEFAULT on test dataset
2026-06-04 10:22:32 - LeapNet                   - INFO    : Model {lips-poc--powergrid-benchmark1-tf_leapnet_DEFAULT} is loaded from {/home/luthfi/lips-poc/models/lips-poc--powergrid-benchmark1-tf_leapnet_DEFAULT}
2026-06-04 10:22:35 - Benchmark                 - INFO    : Benchmark Benchmark1, evaluation using lips-poc--powergrid-benchmark1-tf_leapnet_DEFAULT on test dataset
2026-06-04 10:22:35 - PowerGridEvaluation       - INFO    : MSE_avg for a_or: 414284.31
2026-06-04 10:22:35 - PowerGridEvaluation       - INFO    : MSE_avg for a_ex: 682632.81
2026-06-04 10:22:35 - PowerGridEvaluation       - INFO    : MAE_avg for a_or: 379.87
2026-06-04 10:22:35 - PowerGridEvaluation       - INFO    : MAE_avg for a_ex: 516.10
2026-06-04 10:22:35 - PowerGridEvaluation       - INFO    : MAPE_avg for a_or: 486464591698591744.00
2026-06-04 10:22:35 - PowerGridEvaluation       - INFO    : MAPE_avg for a_ex: 579517600787070976.00
2026-06-04 10:22:35 - PowerGridEvaluation       - INFO    : MAPE_90_avg for a_or: 1.00
2026-06-04 10:22:35 - PowerGridEvaluation       - INFO    : MAPE_90_avg for a_ex: 1.00
2026-06-04 10:22:35 - PowerGridEvaluation       - INFO    : TIME_INF for lips-poc--powergrid-benchmark1-tf_leapnet_DEFAULT: 0.13428243299131282
2026-06-04 10:22:35 - PhysicsCompliances        - INFO    : Current positivity check passed for a_or
2026-06-04 10:22:35 - PhysicsCompliances        - INFO    : Current positivity check passed for a_ex
2026-06-04 10:22:35 - PowerGridEvaluation       - INFO    : TIME_INF for lips-poc--powergrid-benchmark1-tf_leapnet_DEFAULT: 0.1288752400141675
2026-06-04 10:22:35 - Benchmark                 - INFO    : Benchmark Benchmark1, evaluation using lips-poc--powergrid-benchmark1-tf_leapnet_DEFAULT on test_ood_topo dataset
2026-06-04 10:22:36 - PowerGridEvaluation       - INFO    : MSE_avg for a_or: 695104.69
2026-06-04 10:22:36 - PowerGridEvaluation       - INFO    : MSE_avg for a_ex: 1044404.00
2026-06-04 10:22:36 - PowerGridEvaluation       - INFO    : MAE_avg for a_or: 505.11
2026-06-04 10:22:36 - PowerGridEvaluation       - INFO    : MAE_avg for a_ex: 654.33
2026-06-04 10:22:36 - PowerGridEvaluation       - INFO    : MAPE_avg for a_or: 940304680536244224.00
2026-06-04 10:22:36 - PowerGridEvaluation       - INFO    : MAPE_avg for a_ex: 1086399745456340992.00
2026-06-04 10:22:36 - PowerGridEvaluation       - INFO    : MAPE_90_avg for a_or: 1.00
2026-06-04 10:22:36 - PowerGridEvaluation       - INFO    : MAPE_90_avg for a_ex: 1.00
2026-06-04 10:22:36 - PowerGridEvaluation       - INFO    : TIME_INF for lips-poc--powergrid-benchmark1-tf_leapnet_DEFAULT: 0.12426799401873723
2026-06-04 10:22:36 - PhysicsCompliances        - INFO    : Current positivity check passed for a_or
2026-06-04 10:22:36 - PhysicsCompliances        - INFO    : Current positivity check passed for a_ex
2026-06-04 10:22:36 - PowerGridEvaluation       - INFO    : TIME_INF for lips-poc--powergrid-benchmark1-tf_leapnet_DEFAULT: 0.14136195898754522
2026-06-04 10:23:03 - TfFullyConnected          - INFO    : Model {lips-poc--powergrid-benchmark1-tf_fc_DEFAULT} is loaded from {/home/luthfi/lips-poc/models/lips-poc--powergrid-benchmark1-tf_fc_DEFAULT}
2026-06-04 10:23:05 - Benchmark                 - INFO    : Benchmark Benchmark1, evaluation using lips-poc--powergrid-benchmark1-tf_fc_DEFAULT on test dataset
2026-06-04 10:23:06 - PowerGridEvaluation       - INFO    : MSE_avg for a_or: 143833.50
2026-06-04 10:23:06 - PowerGridEvaluation       - INFO    : MSE_avg for a_ex: 280600.12
2026-06-04 10:23:06 - PowerGridEvaluation       - INFO    : MAE_avg for a_or: 261.10
2026-06-04 10:23:06 - PowerGridEvaluation       - INFO    : MAE_avg for a_ex: 376.67
2026-06-04 10:23:06 - PowerGridEvaluation       - INFO    : MAPE_avg for a_or: 4217810624446464.00
2026-06-04 10:23:06 - PowerGridEvaluation       - INFO    : MAPE_avg for a_ex: 4201778048401408.00
2026-06-04 10:23:06 - PowerGridEvaluation       - INFO    : MAPE_90_avg for a_or: 0.93
2026-06-04 10:23:06 - PowerGridEvaluation       - INFO    : MAPE_90_avg for a_ex: 0.95
2026-06-04 10:23:06 - PowerGridEvaluation       - INFO    : TIME_INF for lips-poc--powergrid-benchmark1-tf_fc_DEFAULT: 0.09808390898979269
2026-06-04 10:23:06 - PhysicsCompliances        - INFO    : the sum of negative current values (A) for a_or: 59278.703
2026-06-04 10:23:06 - PhysicsCompliances        - INFO    : the sum of negative current values (A) for a_ex: 58224.766
2026-06-04 10:23:06 - PowerGridEvaluation       - INFO    : TIME_INF for lips-poc--powergrid-benchmark1-tf_fc_DEFAULT: 0.11121065402403474
2026-06-04 10:23:06 - Benchmark                 - INFO    : Benchmark Benchmark1, evaluation using lips-poc--powergrid-benchmark1-tf_fc_DEFAULT on test_ood_topo dataset
2026-06-04 10:23:06 - PowerGridEvaluation       - INFO    : MSE_avg for a_or: 183969.38
2026-06-04 10:23:06 - PowerGridEvaluation       - INFO    : MSE_avg for a_ex: 343423.72
2026-06-04 10:23:06 - PowerGridEvaluation       - INFO    : MAE_avg for a_or: 287.79
2026-06-04 10:23:06 - PowerGridEvaluation       - INFO    : MAE_avg for a_ex: 404.55
2026-06-04 10:23:06 - PowerGridEvaluation       - INFO    : MAPE_avg for a_or: 8467481316294656.00
2026-06-04 10:23:06 - PowerGridEvaluation       - INFO    : MAPE_avg for a_ex: 8423113230385152.00
2026-06-04 10:23:06 - PowerGridEvaluation       - INFO    : MAPE_90_avg for a_or: 0.94
2026-06-04 10:23:06 - PowerGridEvaluation       - INFO    : MAPE_90_avg for a_ex: 0.96
2026-06-04 10:23:06 - PowerGridEvaluation       - INFO    : TIME_INF for lips-poc--powergrid-benchmark1-tf_fc_DEFAULT: 0.10405741300201043
2026-06-04 10:23:06 - PhysicsCompliances        - INFO    : the sum of negative current values (A) for a_or: 57300.695
2026-06-04 10:23:06 - PhysicsCompliances        - INFO    : the sum of negative current values (A) for a_ex: 56330.945
2026-06-04 10:23:06 - PowerGridEvaluation       - INFO    : TIME_INF for lips-poc--powergrid-benchmark1-tf_fc_DEFAULT: 0.12595836599939503
2026-06-04 10:55:40 - TfFullyConnected          - INFO    : Model {lips-poc--powergrid-benchmark1-tf_fc_DEFAULT} is loaded from {/home/luthfi/lips-poc/models/lips-poc--powergrid-benchmark1-tf_fc_DEFAULT}
2026-06-04 10:55:43 - Benchmark                 - INFO    : Benchmark Benchmark1, evaluation using lips-poc--powergrid-benchmark1-tf_fc_DEFAULT on test dataset
2026-06-04 10:55:43 - PowerGridEvaluation       - INFO    : MSE_avg for a_or: 143833.50
2026-06-04 10:55:43 - PowerGridEvaluation       - INFO    : MSE_avg for a_ex: 280600.12
2026-06-04 10:55:43 - PowerGridEvaluation       - INFO    : MAE_avg for a_or: 261.10
2026-06-04 10:55:43 - PowerGridEvaluation       - INFO    : MAE_avg for a_ex: 376.67
2026-06-04 10:55:43 - PowerGridEvaluation       - INFO    : MAPE_avg for a_or: 4217810624446464.00
2026-06-04 10:55:43 - PowerGridEvaluation       - INFO    : MAPE_avg for a_ex: 4201778048401408.00
2026-06-04 10:55:43 - PowerGridEvaluation       - INFO    : MAPE_90_avg for a_or: 0.93
2026-06-04 10:55:43 - PowerGridEvaluation       - INFO    : MAPE_90_avg for a_ex: 0.95
2026-06-04 10:55:43 - PowerGridEvaluation       - INFO    : TIME_INF for lips-poc--powergrid-benchmark1-tf_fc_DEFAULT: 0.07484512301743962
2026-06-04 10:55:43 - PhysicsCompliances        - INFO    : the sum of negative current values (A) for a_or: 59278.703
2026-06-04 10:55:43 - PhysicsCompliances        - INFO    : the sum of negative current values (A) for a_ex: 58224.766
2026-06-04 10:55:43 - PowerGridEvaluation       - INFO    : TIME_INF for lips-poc--powergrid-benchmark1-tf_fc_DEFAULT: 0.08591342798899859
2026-06-04 10:55:43 - Benchmark                 - INFO    : Benchmark Benchmark1, evaluation using lips-poc--powergrid-benchmark1-tf_fc_DEFAULT on test_ood_topo dataset
2026-06-04 10:55:44 - PowerGridEvaluation       - INFO    : MSE_avg for a_or: 183969.38
2026-06-04 10:55:44 - PowerGridEvaluation       - INFO    : MSE_avg for a_ex: 343423.72
2026-06-04 10:55:44 - PowerGridEvaluation       - INFO    : MAE_avg for a_or: 287.79
2026-06-04 10:55:44 - PowerGridEvaluation       - INFO    : MAE_avg for a_ex: 404.55
2026-06-04 10:55:44 - PowerGridEvaluation       - INFO    : MAPE_avg for a_or: 8467481316294656.00
2026-06-04 10:55:44 - PowerGridEvaluation       - INFO    : MAPE_avg for a_ex: 8423113230385152.00
2026-06-04 10:55:44 - PowerGridEvaluation       - INFO    : MAPE_90_avg for a_or: 0.94
2026-06-04 10:55:44 - PowerGridEvaluation       - INFO    : MAPE_90_avg for a_ex: 0.96
2026-06-04 10:55:44 - PowerGridEvaluation       - INFO    : TIME_INF for lips-poc--powergrid-benchmark1-tf_fc_DEFAULT: 0.10837735398672521
2026-06-04 10:55:44 - PhysicsCompliances        - INFO    : the sum of negative current values (A) for a_or: 57300.695
2026-06-04 10:55:44 - PhysicsCompliances        - INFO    : the sum of negative current values (A) for a_ex: 56330.945
2026-06-04 10:55:44 - PowerGridEvaluation       - INFO    : TIME_INF for lips-poc--powergrid-benchmark1-tf_fc_DEFAULT: 0.0817202879989054
2026-06-04 10:55:54 - LeapNet                   - INFO    : Model {lips-poc--powergrid-benchmark1-tf_leapnet_DEFAULT} is loaded from {/home/luthfi/lips-poc/models/lips-poc--powergrid-benchmark1-tf_leapnet_DEFAULT}
2026-06-04 10:55:56 - Benchmark                 - INFO    : Benchmark Benchmark1, evaluation using lips-poc--powergrid-benchmark1-tf_leapnet_DEFAULT on test dataset
2026-06-04 10:55:57 - PowerGridEvaluation       - INFO    : MSE_avg for a_or: 414284.31
2026-06-04 10:55:57 - PowerGridEvaluation       - INFO    : MSE_avg for a_ex: 682632.81
2026-06-04 10:55:57 - PowerGridEvaluation       - INFO    : MAE_avg for a_or: 379.87
2026-06-04 10:55:57 - PowerGridEvaluation       - INFO    : MAE_avg for a_ex: 516.10
2026-06-04 10:55:57 - PowerGridEvaluation       - INFO    : MAPE_avg for a_or: 486464591698591744.00
2026-06-04 10:55:57 - PowerGridEvaluation       - INFO    : MAPE_avg for a_ex: 579517600787070976.00
2026-06-04 10:55:57 - PowerGridEvaluation       - INFO    : MAPE_90_avg for a_or: 1.00
2026-06-04 10:55:57 - PowerGridEvaluation       - INFO    : MAPE_90_avg for a_ex: 1.00
2026-06-04 10:55:57 - PowerGridEvaluation       - INFO    : TIME_INF for lips-poc--powergrid-benchmark1-tf_leapnet_DEFAULT: 0.0941168460121844
2026-06-04 10:55:57 - PhysicsCompliances        - INFO    : Current positivity check passed for a_or
2026-06-04 10:55:57 - PhysicsCompliances        - INFO    : Current positivity check passed for a_ex
2026-06-04 10:55:57 - PowerGridEvaluation       - INFO    : TIME_INF for lips-poc--powergrid-benchmark1-tf_leapnet_DEFAULT: 0.10237542298273183
2026-06-04 10:55:57 - Benchmark                 - INFO    : Benchmark Benchmark1, evaluation using lips-poc--powergrid-benchmark1-tf_leapnet_DEFAULT on test_ood_topo dataset
2026-06-04 10:55:57 - PowerGridEvaluation       - INFO    : MSE_avg for a_or: 695104.69
2026-06-04 10:55:57 - PowerGridEvaluation       - INFO    : MSE_avg for a_ex: 1044404.00
2026-06-04 10:55:57 - PowerGridEvaluation       - INFO    : MAE_avg for a_or: 505.11
2026-06-04 10:55:57 - PowerGridEvaluation       - INFO    : MAE_avg for a_ex: 654.33
2026-06-04 10:55:57 - PowerGridEvaluation       - INFO    : MAPE_avg for a_or: 940304680536244224.00
2026-06-04 10:55:57 - PowerGridEvaluation       - INFO    : MAPE_avg for a_ex: 1086399745456340992.00
2026-06-04 10:55:57 - PowerGridEvaluation       - INFO    : MAPE_90_avg for a_or: 1.00
2026-06-04 10:55:57 - PowerGridEvaluation       - INFO    : MAPE_90_avg for a_ex: 1.00
2026-06-04 10:55:57 - PowerGridEvaluation       - INFO    : TIME_INF for lips-poc--powergrid-benchmark1-tf_leapnet_DEFAULT: 0.09259110200218856
2026-06-04 10:55:57 - PhysicsCompliances        - INFO    : Current positivity check passed for a_or
2026-06-04 10:55:57 - PhysicsCompliances        - INFO    : Current positivity check passed for a_ex
2026-06-04 10:55:57 - PowerGridEvaluation       - INFO    : TIME_INF for lips-poc--powergrid-benchmark1-tf_leapnet_DEFAULT: 0.0949256700114347
2026-06-04 10:56:18 - TorchSimulator            - INFO    : Model {lips-poc--powergrid-benchmark1-torch_fc_DEFAULT} is loaded from {/home/luthfi/lips-poc/models/lips-poc--powergrid-benchmark1-torch_fc_DEFAULT}
2026-06-04 10:56:21 - Benchmark                 - INFO    : Benchmark Benchmark1, evaluation using lips-poc--powergrid-benchmark1-torch_fc_DEFAULT on test dataset
2026-06-04 10:56:21 - PowerGridEvaluation       - INFO    : MSE_avg for a_or: 138159.11
2026-06-04 10:56:21 - PowerGridEvaluation       - INFO    : MSE_avg for a_ex: 274343.84
2026-06-04 10:56:21 - PowerGridEvaluation       - INFO    : MAE_avg for a_or: 255.68
2026-06-04 10:56:21 - PowerGridEvaluation       - INFO    : MAE_avg for a_ex: 371.30
2026-06-04 10:56:21 - PowerGridEvaluation       - INFO    : MAPE_avg for a_or: 4327672129781760.00
2026-06-04 10:56:21 - PowerGridEvaluation       - INFO    : MAPE_avg for a_ex: 4333178814726144.00
2026-06-04 10:56:21 - PowerGridEvaluation       - INFO    : MAPE_90_avg for a_or: 0.92
2026-06-04 10:56:21 - PowerGridEvaluation       - INFO    : MAPE_90_avg for a_ex: 0.95
2026-06-04 10:56:21 - PowerGridEvaluation       - INFO    : TIME_INF for lips-poc--powergrid-benchmark1-torch_fc_DEFAULT: 0.01814243200351484
2026-06-04 10:56:21 - PhysicsCompliances        - INFO    : the sum of negative current values (A) for a_or: 12199.729
2026-06-04 10:56:21 - PhysicsCompliances        - INFO    : the sum of negative current values (A) for a_ex: 11982.188
2026-06-04 10:56:21 - PowerGridEvaluation       - INFO    : TIME_INF for lips-poc--powergrid-benchmark1-torch_fc_DEFAULT: 0.02641134400619194
2026-06-04 10:56:21 - Benchmark                 - INFO    : Benchmark Benchmark1, evaluation using lips-poc--powergrid-benchmark1-torch_fc_DEFAULT on test_ood_topo dataset
2026-06-04 10:56:21 - PowerGridEvaluation       - INFO    : MSE_avg for a_or: 177401.70
2026-06-04 10:56:21 - PowerGridEvaluation       - INFO    : MSE_avg for a_ex: 336151.44
2026-06-04 10:56:21 - PowerGridEvaluation       - INFO    : MAE_avg for a_or: 282.50
2026-06-04 10:56:21 - PowerGridEvaluation       - INFO    : MAE_avg for a_ex: 399.27
2026-06-04 10:56:21 - PowerGridEvaluation       - INFO    : MAPE_avg for a_or: 8944863173148672.00
2026-06-04 10:56:21 - PowerGridEvaluation       - INFO    : MAPE_avg for a_ex: 8929179563196416.00
2026-06-04 10:56:21 - PowerGridEvaluation       - INFO    : MAPE_90_avg for a_or: 0.94
2026-06-04 10:56:21 - PowerGridEvaluation       - INFO    : MAPE_90_avg for a_ex: 0.96
2026-06-04 10:56:21 - PowerGridEvaluation       - INFO    : TIME_INF for lips-poc--powergrid-benchmark1-torch_fc_DEFAULT: 0.023543399991467595
2026-06-04 10:56:21 - PhysicsCompliances        - INFO    : the sum of negative current values (A) for a_or: 12188.972
2026-06-04 10:56:21 - PhysicsCompliances        - INFO    : the sum of negative current values (A) for a_ex: 11959.207
2026-06-04 10:56:21 - PowerGridEvaluation       - INFO    : TIME_INF for lips-poc--powergrid-benchmark1-torch_fc_DEFAULT: 0.017775646003428847
2026-06-04 13:16:15 - TorchSimulator            - INFO    : Model {lips-poc--powergrid-benchmark1-torch_fc_DEFAULT} is loaded from {/home/luthfi/lips-poc/models/lips-poc--powergrid-benchmark1-torch_fc_DEFAULT}
2026-06-04 13:16:18 - Benchmark                 - INFO    : Benchmark Benchmark1, evaluation using lips-poc--powergrid-benchmark1-torch_fc_DEFAULT on test dataset
2026-06-04 13:16:18 - PowerGridEvaluation       - INFO    : MSE_avg for a_or: 138159.11
2026-06-04 13:16:18 - PowerGridEvaluation       - INFO    : MSE_avg for a_ex: 274343.84
2026-06-04 13:16:18 - PowerGridEvaluation       - INFO    : MAE_avg for a_or: 255.68
2026-06-04 13:16:18 - PowerGridEvaluation       - INFO    : MAE_avg for a_ex: 371.30
2026-06-04 13:16:18 - PowerGridEvaluation       - INFO    : MAPE_avg for a_or: 4327672129781760.00
2026-06-04 13:16:18 - PowerGridEvaluation       - INFO    : MAPE_avg for a_ex: 4333178814726144.00
2026-06-04 13:16:18 - PowerGridEvaluation       - INFO    : MAPE_90_avg for a_or: 0.92
2026-06-04 13:16:18 - PowerGridEvaluation       - INFO    : MAPE_90_avg for a_ex: 0.95
2026-06-04 13:16:18 - PowerGridEvaluation       - INFO    : TIME_INF for lips-poc--powergrid-benchmark1-torch_fc_DEFAULT: 0.08034003200009465
2026-06-04 13:16:18 - PhysicsCompliances        - INFO    : the sum of negative current values (A) for a_or: 12199.729
2026-06-04 13:16:18 - PhysicsCompliances        - INFO    : the sum of negative current values (A) for a_ex: 11982.188
2026-06-04 13:16:18 - PowerGridEvaluation       - INFO    : TIME_INF for lips-poc--powergrid-benchmark1-torch_fc_DEFAULT: 0.029537583992350847
2026-06-04 13:16:18 - Benchmark                 - INFO    : Benchmark Benchmark1, evaluation using lips-poc--powergrid-benchmark1-torch_fc_DEFAULT on test_ood_topo dataset
2026-06-04 13:16:18 - PowerGridEvaluation       - INFO    : MSE_avg for a_or: 177401.70
2026-06-04 13:16:18 - PowerGridEvaluation       - INFO    : MSE_avg for a_ex: 336151.44
2026-06-04 13:16:18 - PowerGridEvaluation       - INFO    : MAE_avg for a_or: 282.50
2026-06-04 13:16:18 - PowerGridEvaluation       - INFO    : MAE_avg for a_ex: 399.27
2026-06-04 13:16:18 - PowerGridEvaluation       - INFO    : MAPE_avg for a_or: 8944863173148672.00
2026-06-04 13:16:18 - PowerGridEvaluation       - INFO    : MAPE_avg for a_ex: 8929179563196416.00
2026-06-04 13:16:18 - PowerGridEvaluation       - INFO    : MAPE_90_avg for a_or: 0.94
2026-06-04 13:16:18 - PowerGridEvaluation       - INFO    : MAPE_90_avg for a_ex: 0.96
2026-06-04 13:16:18 - PowerGridEvaluation       - INFO    : TIME_INF for lips-poc--powergrid-benchmark1-torch_fc_DEFAULT: 0.020902909978758544
2026-06-04 13:16:18 - PhysicsCompliances        - INFO    : the sum of negative current values (A) for a_or: 12188.972
2026-06-04 13:16:18 - PhysicsCompliances        - INFO    : the sum of negative current values (A) for a_ex: 11959.207
2026-06-04 13:16:18 - PowerGridEvaluation       - INFO    : TIME_INF for lips-poc--powergrid-benchmark1-torch_fc_DEFAULT: 0.01623807699070312
2026-06-04 14:57:58 - TfFullyConnected          - INFO    : Model {lips-poc--powergrid-benchmark1-tf_fc_DEFAULT} is loaded from {/home/luthfi/lips-poc/models/lips-poc--powergrid-benchmark1-tf_fc_DEFAULT}
2026-06-04 14:58:02 - Benchmark                 - INFO    : Benchmark Benchmark1, evaluation using lips-poc--powergrid-benchmark1-tf_fc_DEFAULT on test dataset
2026-06-04 14:58:02 - PowerGridEvaluation       - INFO    : MSE_avg for a_or: 143833.50
2026-06-04 14:58:02 - PowerGridEvaluation       - INFO    : MSE_avg for a_ex: 280600.12
2026-06-04 14:58:02 - PowerGridEvaluation       - INFO    : MAE_avg for a_or: 261.10
2026-06-04 14:58:02 - PowerGridEvaluation       - INFO    : MAE_avg for a_ex: 376.67
2026-06-04 14:58:02 - PowerGridEvaluation       - INFO    : MAPE_avg for a_or: 4217810624446464.00
2026-06-04 14:58:02 - PowerGridEvaluation       - INFO    : MAPE_avg for a_ex: 4201778048401408.00
2026-06-04 14:58:02 - PowerGridEvaluation       - INFO    : MAPE_90_avg for a_or: 0.93
2026-06-04 14:58:02 - PowerGridEvaluation       - INFO    : MAPE_90_avg for a_ex: 0.95
2026-06-04 14:58:03 - PowerGridEvaluation       - INFO    : TIME_INF for lips-poc--powergrid-benchmark1-tf_fc_DEFAULT: 0.089718458999414
2026-06-04 14:58:03 - PhysicsCompliances        - INFO    : the sum of negative current values (A) for a_or: 59278.703
2026-06-04 14:58:03 - PhysicsCompliances        - INFO    : the sum of negative current values (A) for a_ex: 58224.766
2026-06-04 14:58:03 - PowerGridEvaluation       - INFO    : TIME_INF for lips-poc--powergrid-benchmark1-tf_fc_DEFAULT: 0.08469525800319389
2026-06-04 14:58:03 - Benchmark                 - INFO    : Benchmark Benchmark1, evaluation using lips-poc--powergrid-benchmark1-tf_fc_DEFAULT on test_ood_topo dataset
2026-06-04 14:58:03 - PowerGridEvaluation       - INFO    : MSE_avg for a_or: 183969.38
2026-06-04 14:58:03 - PowerGridEvaluation       - INFO    : MSE_avg for a_ex: 343423.72
2026-06-04 14:58:03 - PowerGridEvaluation       - INFO    : MAE_avg for a_or: 287.79
2026-06-04 14:58:03 - PowerGridEvaluation       - INFO    : MAE_avg for a_ex: 404.55
2026-06-04 14:58:03 - PowerGridEvaluation       - INFO    : MAPE_avg for a_or: 8467481316294656.00
2026-06-04 14:58:03 - PowerGridEvaluation       - INFO    : MAPE_avg for a_ex: 8423113230385152.00
2026-06-04 14:58:03 - PowerGridEvaluation       - INFO    : MAPE_90_avg for a_or: 0.94
2026-06-04 14:58:03 - PowerGridEvaluation       - INFO    : MAPE_90_avg for a_ex: 0.96
2026-06-04 14:58:03 - PowerGridEvaluation       - INFO    : TIME_INF for lips-poc--powergrid-benchmark1-tf_fc_DEFAULT: 0.07923118400503881
2026-06-04 14:58:03 - PhysicsCompliances        - INFO    : the sum of negative current values (A) for a_or: 57300.695
2026-06-04 14:58:03 - PhysicsCompliances        - INFO    : the sum of negative current values (A) for a_ex: 56330.945
2026-06-04 14:58:03 - PowerGridEvaluation       - INFO    : TIME_INF for lips-poc--powergrid-benchmark1-tf_fc_DEFAULT: 0.09019259799970314
2026-06-04 15:18:28 - TorchSimulator            - INFO    : Model {lips-poc--powergrid-benchmark1-torch_fc_DEFAULT} is loaded from {/home/luthfi/lips-poc/models/lips-poc--powergrid-benchmark1-torch_fc_DEFAULT}
2026-06-04 15:18:28 - TorchSimulator            - INFO    : Model {lips-poc--powergrid-benchmark1-torch_fc_DEFAULT} is loaded from {/home/luthfi/lips-poc/models/lips-poc--powergrid-benchmark1-torch_fc_DEFAULT}
2026-06-04 15:18:28 - TorchSimulator            - INFO    : Model {lips-poc--powergrid-benchmark1-torch_fc_DEFAULT} is loaded from {/home/luthfi/lips-poc/models/lips-poc--powergrid-benchmark1-torch_fc_DEFAULT}
2026-06-04 15:18:28 - TorchSimulator            - INFO    : Model {lips-poc--powergrid-benchmark1-torch_fc_DEFAULT} is loaded from {/home/luthfi/lips-poc/models/lips-poc--powergrid-benchmark1-torch_fc_DEFAULT}
2026-06-04 15:18:28 - TorchSimulator            - INFO    : Model {lips-poc--powergrid-benchmark1-torch_fc_DEFAULT} is loaded from {/home/luthfi/lips-poc/models/lips-poc--powergrid-benchmark1-torch_fc_DEFAULT}
2026-06-04 15:18:28 - TorchSimulator            - INFO    : Model {lips-poc--powergrid-benchmark1-torch_fc_DEFAULT} is loaded from {/home/luthfi/lips-poc/models/lips-poc--powergrid-benchmark1-torch_fc_DEFAULT}
2026-06-04 15:18:28 - TorchSimulator            - INFO    : Model {lips-poc--powergrid-benchmark1-torch_fc_DEFAULT} is loaded from {/home/luthfi/lips-poc/models/lips-poc--powergrid-benchmark1-torch_fc_DEFAULT}
2026-06-04 15:18:28 - TorchSimulator            - INFO    : Model {lips-poc--powergrid-benchmark1-torch_fc_DEFAULT} is loaded from {/home/luthfi/lips-poc/models/lips-poc--powergrid-benchmark1-torch_fc_DEFAULT}
2026-06-04 15:18:28 - TorchSimulator            - INFO    : Model {lips-poc--powergrid-benchmark1-torch_fc_DEFAULT} is loaded from {/home/luthfi/lips-poc/models/lips-poc--powergrid-benchmark1-torch_fc_DEFAULT}
2026-06-04 15:18:28 - TorchSimulator            - INFO    : Model {lips-poc--powergrid-benchmark1-torch_fc_DEFAULT} is loaded from {/home/luthfi/lips-poc/models/lips-poc--powergrid-benchmark1-torch_fc_DEFAULT}
2026-06-04 15:18:28 - TorchSimulator            - INFO    : Model {lips-poc--powergrid-benchmark1-torch_fc_DEFAULT} is loaded from {/home/luthfi/lips-poc/models/lips-poc--powergrid-benchmark1-torch_fc_DEFAULT}
2026-06-04 15:18:28 - TorchSimulator            - INFO    : Model {lips-poc--powergrid-benchmark1-torch_fc_DEFAULT} is loaded from {/home/luthfi/lips-poc/models/lips-poc--powergrid-benchmark1-torch_fc_DEFAULT}
2026-06-04 15:18:43 - Benchmark                 - INFO    : Benchmark Benchmark1, evaluation using lips-poc--powergrid-benchmark1-torch_fc_DEFAULT on test dataset
2026-06-04 15:18:43 - PowerGridEvaluation       - INFO    : MSE_avg for a_or: 138159.11
2026-06-04 15:18:43 - PowerGridEvaluation       - INFO    : MSE_avg for a_ex: 274343.84
2026-06-04 15:18:43 - PowerGridEvaluation       - INFO    : MAE_avg for a_or: 255.68
2026-06-04 15:18:43 - PowerGridEvaluation       - INFO    : MAE_avg for a_ex: 371.30
2026-06-04 15:18:43 - PowerGridEvaluation       - INFO    : MAPE_avg for a_or: 4327672129781760.00
2026-06-04 15:18:43 - PowerGridEvaluation       - INFO    : MAPE_avg for a_ex: 4333178814726144.00
2026-06-04 15:18:43 - PowerGridEvaluation       - INFO    : MAPE_90_avg for a_or: 0.92
2026-06-04 15:18:43 - PowerGridEvaluation       - INFO    : MAPE_90_avg for a_ex: 0.95
2026-06-04 15:18:43 - PowerGridEvaluation       - INFO    : TIME_INF for lips-poc--powergrid-benchmark1-torch_fc_DEFAULT: 0.07623458100715652
2026-06-04 15:18:43 - PhysicsCompliances        - INFO    : the sum of negative current values (A) for a_or: 12199.729
2026-06-04 15:18:43 - PhysicsCompliances        - INFO    : the sum of negative current values (A) for a_ex: 11982.188
2026-06-04 15:18:44 - PowerGridEvaluation       - INFO    : TIME_INF for lips-poc--powergrid-benchmark1-torch_fc_DEFAULT: 0.048645937989931554
2026-06-04 15:18:44 - Benchmark                 - INFO    : Benchmark Benchmark1, evaluation using lips-poc--powergrid-benchmark1-torch_fc_DEFAULT on test_ood_topo dataset
2026-06-04 15:18:44 - PowerGridEvaluation       - INFO    : MSE_avg for a_or: 177401.70
2026-06-04 15:18:44 - PowerGridEvaluation       - INFO    : MSE_avg for a_ex: 336151.44
2026-06-04 15:18:44 - PowerGridEvaluation       - INFO    : MAE_avg for a_or: 282.50
2026-06-04 15:18:44 - PowerGridEvaluation       - INFO    : MAE_avg for a_ex: 399.27
2026-06-04 15:18:44 - PowerGridEvaluation       - INFO    : MAPE_avg for a_or: 8944863173148672.00
2026-06-04 15:18:44 - PowerGridEvaluation       - INFO    : MAPE_avg for a_ex: 8929179563196416.00
2026-06-04 15:18:44 - PowerGridEvaluation       - INFO    : MAPE_90_avg for a_or: 0.94
2026-06-04 15:18:44 - PowerGridEvaluation       - INFO    : MAPE_90_avg for a_ex: 0.96
2026-06-04 15:18:44 - Benchmark                 - INFO    : Benchmark Benchmark1, evaluation using lips-poc--powergrid-benchmark1-torch_fc_DEFAULT on test dataset
2026-06-04 15:18:44 - Benchmark                 - INFO    : Benchmark Benchmark1, evaluation using lips-poc--powergrid-benchmark1-torch_fc_DEFAULT on test dataset
2026-06-04 15:18:44 - PowerGridEvaluation       - INFO    : TIME_INF for lips-poc--powergrid-benchmark1-torch_fc_DEFAULT: 0.19852356699993834
2026-06-04 15:18:44 - PhysicsCompliances        - INFO    : the sum of negative current values (A) for a_or: 12188.972
2026-06-04 15:18:44 - PhysicsCompliances        - INFO    : the sum of negative current values (A) for a_ex: 11959.207
2026-06-04 15:18:44 - PowerGridEvaluation       - INFO    : TIME_INF for lips-poc--powergrid-benchmark1-torch_fc_DEFAULT: 0.03983787898323499
2026-06-04 15:18:46 - PowerGridEvaluation       - INFO    : MSE_avg for a_or: 138159.11
2026-06-04 15:18:46 - PowerGridEvaluation       - INFO    : MSE_avg for a_ex: 274343.84
2026-06-04 15:18:46 - PowerGridEvaluation       - INFO    : MAE_avg for a_or: 255.68
2026-06-04 15:18:46 - PowerGridEvaluation       - INFO    : MAE_avg for a_ex: 371.30
2026-06-04 15:18:46 - PowerGridEvaluation       - INFO    : MAPE_avg for a_or: 4327672129781760.00
2026-06-04 15:18:46 - PowerGridEvaluation       - INFO    : MAPE_avg for a_ex: 4333178814726144.00
2026-06-04 15:18:46 - PowerGridEvaluation       - INFO    : MAPE_90_avg for a_or: 0.92
2026-06-04 15:18:46 - PowerGridEvaluation       - INFO    : MAPE_90_avg for a_ex: 0.95
2026-06-04 15:18:46 - PowerGridEvaluation       - INFO    : TIME_INF for lips-poc--powergrid-benchmark1-torch_fc_DEFAULT: 0.16692754201358184
2026-06-04 15:18:46 - PhysicsCompliances        - INFO    : the sum of negative current values (A) for a_or: 12199.729
2026-06-04 15:18:46 - PhysicsCompliances        - INFO    : the sum of negative current values (A) for a_ex: 11982.188
2026-06-04 15:18:46 - PowerGridEvaluation       - INFO    : MSE_avg for a_or: 138159.11
2026-06-04 15:18:46 - PowerGridEvaluation       - INFO    : MSE_avg for a_ex: 274343.84
2026-06-04 15:18:46 - PowerGridEvaluation       - INFO    : MAE_avg for a_or: 255.68
2026-06-04 15:18:46 - PowerGridEvaluation       - INFO    : MAE_avg for a_ex: 371.30
2026-06-04 15:18:46 - PowerGridEvaluation       - INFO    : MAPE_avg for a_or: 4327672129781760.00
2026-06-04 15:18:46 - PowerGridEvaluation       - INFO    : MAPE_avg for a_ex: 4333178814726144.00
2026-06-04 15:18:46 - PowerGridEvaluation       - INFO    : MAPE_90_avg for a_or: 0.92
2026-06-04 15:18:46 - PowerGridEvaluation       - INFO    : MAPE_90_avg for a_ex: 0.95
2026-06-04 15:18:46 - PowerGridEvaluation       - INFO    : TIME_INF for lips-poc--powergrid-benchmark1-torch_fc_DEFAULT: 0.36981445498531684
2026-06-04 15:18:46 - Benchmark                 - INFO    : Benchmark Benchmark1, evaluation using lips-poc--powergrid-benchmark1-torch_fc_DEFAULT on test_ood_topo dataset
2026-06-04 15:18:46 - PowerGridEvaluation       - INFO    : TIME_INF for lips-poc--powergrid-benchmark1-torch_fc_DEFAULT: 0.3071669369819574
2026-06-04 15:18:46 - PhysicsCompliances        - INFO    : the sum of negative current values (A) for a_or: 12199.729
2026-06-04 15:18:46 - PhysicsCompliances        - INFO    : the sum of negative current values (A) for a_ex: 11982.188
2026-06-04 15:18:47 - PowerGridEvaluation       - INFO    : TIME_INF for lips-poc--powergrid-benchmark1-torch_fc_DEFAULT: 0.2822098169999663
2026-06-04 15:18:47 - Benchmark                 - INFO    : Benchmark Benchmark1, evaluation using lips-poc--powergrid-benchmark1-torch_fc_DEFAULT on test_ood_topo dataset
2026-06-04 15:18:47 - PowerGridEvaluation       - INFO    : MSE_avg for a_or: 177401.70
2026-06-04 15:18:47 - PowerGridEvaluation       - INFO    : MSE_avg for a_ex: 336151.44
2026-06-04 15:18:47 - PowerGridEvaluation       - INFO    : MAE_avg for a_or: 282.50
2026-06-04 15:18:47 - PowerGridEvaluation       - INFO    : MAE_avg for a_ex: 399.27
2026-06-04 15:18:47 - PowerGridEvaluation       - INFO    : MAPE_avg for a_or: 8944863173148672.00
2026-06-04 15:18:47 - PowerGridEvaluation       - INFO    : MAPE_avg for a_ex: 8929179563196416.00
2026-06-04 15:18:47 - PowerGridEvaluation       - INFO    : MAPE_90_avg for a_or: 0.94
2026-06-04 15:18:47 - PowerGridEvaluation       - INFO    : MAPE_90_avg for a_ex: 0.96
2026-06-04 15:18:48 - PowerGridEvaluation       - INFO    : TIME_INF for lips-poc--powergrid-benchmark1-torch_fc_DEFAULT: 0.2099544880038593
2026-06-04 15:18:48 - PhysicsCompliances        - INFO    : the sum of negative current values (A) for a_or: 12188.972
2026-06-04 15:18:48 - PhysicsCompliances        - INFO    : the sum of negative current values (A) for a_ex: 11959.207
2026-06-04 15:18:48 - PowerGridEvaluation       - INFO    : MSE_avg for a_or: 177401.70
2026-06-04 15:18:48 - PowerGridEvaluation       - INFO    : MSE_avg for a_ex: 336151.44
2026-06-04 15:18:48 - PowerGridEvaluation       - INFO    : MAE_avg for a_or: 282.50
2026-06-04 15:18:48 - PowerGridEvaluation       - INFO    : MAE_avg for a_ex: 399.27
2026-06-04 15:18:48 - PowerGridEvaluation       - INFO    : MAPE_avg for a_or: 8944863173148672.00
2026-06-04 15:18:48 - PowerGridEvaluation       - INFO    : MAPE_avg for a_ex: 8929179563196416.00
2026-06-04 15:18:48 - PowerGridEvaluation       - INFO    : MAPE_90_avg for a_or: 0.94
2026-06-04 15:18:48 - PowerGridEvaluation       - INFO    : MAPE_90_avg for a_ex: 0.96
2026-06-04 15:18:48 - PowerGridEvaluation       - INFO    : TIME_INF for lips-poc--powergrid-benchmark1-torch_fc_DEFAULT: 0.15158643701579422
2026-06-04 15:18:48 - PhysicsCompliances        - INFO    : the sum of negative current values (A) for a_or: 12188.972
2026-06-04 15:18:48 - PhysicsCompliances        - INFO    : the sum of negative current values (A) for a_ex: 11959.207
2026-06-04 15:18:48 - PowerGridEvaluation       - INFO    : TIME_INF for lips-poc--powergrid-benchmark1-torch_fc_DEFAULT: 0.3155287900008261
2026-06-04 15:18:49 - PowerGridEvaluation       - INFO    : TIME_INF for lips-poc--powergrid-benchmark1-torch_fc_DEFAULT: 0.8797461900103372
2026-06-04 15:28:36 - TfFullyConnected          - INFO    : Model {lips-poc--powergrid-benchmark1-tf_fc_DEFAULT} is loaded from {/home/luthfi/lips-poc/models/lips-poc--powergrid-benchmark1-tf_fc_DEFAULT}
2026-06-04 15:28:43 - Benchmark                 - INFO    : Benchmark Benchmark1, evaluation using lips-poc--powergrid-benchmark1-tf_fc_DEFAULT on test dataset
2026-06-04 15:28:44 - PowerGridEvaluation       - INFO    : MSE_avg for a_or: 143833.50
2026-06-04 15:28:44 - PowerGridEvaluation       - INFO    : MSE_avg for a_ex: 280600.12
2026-06-04 15:28:44 - PowerGridEvaluation       - INFO    : MAE_avg for a_or: 261.10
2026-06-04 15:28:44 - PowerGridEvaluation       - INFO    : MAE_avg for a_ex: 376.67
2026-06-04 15:28:44 - PowerGridEvaluation       - INFO    : MAPE_avg for a_or: 4217810624446464.00
2026-06-04 15:28:44 - PowerGridEvaluation       - INFO    : MAPE_avg for a_ex: 4201778048401408.00
2026-06-04 15:28:44 - PowerGridEvaluation       - INFO    : MAPE_90_avg for a_or: 0.93
2026-06-04 15:28:44 - PowerGridEvaluation       - INFO    : MAPE_90_avg for a_ex: 0.95
2026-06-04 15:28:44 - PowerGridEvaluation       - INFO    : TIME_INF for lips-poc--powergrid-benchmark1-tf_fc_DEFAULT: 0.19476355199003592
2026-06-04 15:28:44 - PhysicsCompliances        - INFO    : the sum of negative current values (A) for a_or: 59278.703
2026-06-04 15:28:44 - PhysicsCompliances        - INFO    : the sum of negative current values (A) for a_ex: 58224.766
2026-06-04 15:28:44 - PowerGridEvaluation       - INFO    : TIME_INF for lips-poc--powergrid-benchmark1-tf_fc_DEFAULT: 0.15513058900251053
2026-06-04 15:28:44 - Benchmark                 - INFO    : Benchmark Benchmark1, evaluation using lips-poc--powergrid-benchmark1-tf_fc_DEFAULT on test_ood_topo dataset
2026-06-04 15:28:45 - PowerGridEvaluation       - INFO    : MSE_avg for a_or: 183969.38
2026-06-04 15:28:45 - PowerGridEvaluation       - INFO    : MSE_avg for a_ex: 343423.72
2026-06-04 15:28:45 - PowerGridEvaluation       - INFO    : MAE_avg for a_or: 287.79
2026-06-04 15:28:45 - PowerGridEvaluation       - INFO    : MAE_avg for a_ex: 404.55
2026-06-04 15:28:45 - PowerGridEvaluation       - INFO    : MAPE_avg for a_or: 8467481316294656.00
2026-06-04 15:28:45 - PowerGridEvaluation       - INFO    : MAPE_avg for a_ex: 8423113230385152.00
2026-06-04 15:28:45 - PowerGridEvaluation       - INFO    : MAPE_90_avg for a_or: 0.94
2026-06-04 15:28:45 - PowerGridEvaluation       - INFO    : MAPE_90_avg for a_ex: 0.96
2026-06-04 15:28:45 - PowerGridEvaluation       - INFO    : TIME_INF for lips-poc--powergrid-benchmark1-tf_fc_DEFAULT: 0.20683240101789124
2026-06-04 15:28:45 - PhysicsCompliances        - INFO    : the sum of negative current values (A) for a_or: 57300.695
2026-06-04 15:28:45 - PhysicsCompliances        - INFO    : the sum of negative current values (A) for a_ex: 56330.945
2026-06-04 15:28:45 - PowerGridEvaluation       - INFO    : TIME_INF for lips-poc--powergrid-benchmark1-tf_fc_DEFAULT: 0.13300385201000609
2026-06-04 15:55:36 - LeapNet                   - INFO    : Model {lips-poc--powergrid-benchmark1-tf_leapnet_DEFAULT} is loaded from {/home/luthfi/lips-poc/models/lips-poc--powergrid-benchmark1-tf_leapnet_DEFAULT}
2026-06-04 15:55:39 - Benchmark                 - INFO    : Benchmark Benchmark1, evaluation using lips-poc--powergrid-benchmark1-tf_leapnet_DEFAULT on test dataset
2026-06-04 15:55:40 - PowerGridEvaluation       - INFO    : MSE_avg for a_or: 414284.31
2026-06-04 15:55:40 - PowerGridEvaluation       - INFO    : MSE_avg for a_ex: 682632.81
2026-06-04 15:55:40 - PowerGridEvaluation       - INFO    : MAE_avg for a_or: 379.87
2026-06-04 15:55:40 - PowerGridEvaluation       - INFO    : MAE_avg for a_ex: 516.10
2026-06-04 15:55:40 - PowerGridEvaluation       - INFO    : MAPE_avg for a_or: 486464591698591744.00
2026-06-04 15:55:40 - PowerGridEvaluation       - INFO    : MAPE_avg for a_ex: 579517600787070976.00
2026-06-04 15:55:40 - PowerGridEvaluation       - INFO    : MAPE_90_avg for a_or: 1.00
2026-06-04 15:55:40 - PowerGridEvaluation       - INFO    : MAPE_90_avg for a_ex: 1.00
2026-06-04 15:55:40 - PowerGridEvaluation       - INFO    : TIME_INF for lips-poc--powergrid-benchmark1-tf_leapnet_DEFAULT: 0.17952296099974774
2026-06-04 15:55:40 - PhysicsCompliances        - INFO    : Current positivity check passed for a_or
2026-06-04 15:55:40 - PhysicsCompliances        - INFO    : Current positivity check passed for a_ex
2026-06-04 15:55:41 - PowerGridEvaluation       - INFO    : TIME_INF for lips-poc--powergrid-benchmark1-tf_leapnet_DEFAULT: 0.18385674699675292
2026-06-04 15:55:41 - Benchmark                 - INFO    : Benchmark Benchmark1, evaluation using lips-poc--powergrid-benchmark1-tf_leapnet_DEFAULT on test_ood_topo dataset
2026-06-04 15:55:41 - PowerGridEvaluation       - INFO    : MSE_avg for a_or: 695104.69
2026-06-04 15:55:41 - PowerGridEvaluation       - INFO    : MSE_avg for a_ex: 1044404.00
2026-06-04 15:55:41 - PowerGridEvaluation       - INFO    : MAE_avg for a_or: 505.11
2026-06-04 15:55:41 - PowerGridEvaluation       - INFO    : MAE_avg for a_ex: 654.33
2026-06-04 15:55:41 - PowerGridEvaluation       - INFO    : MAPE_avg for a_or: 940304680536244224.00
2026-06-04 15:55:41 - PowerGridEvaluation       - INFO    : MAPE_avg for a_ex: 1086399745456340992.00
2026-06-04 15:55:41 - PowerGridEvaluation       - INFO    : MAPE_90_avg for a_or: 1.00
2026-06-04 15:55:41 - PowerGridEvaluation       - INFO    : MAPE_90_avg for a_ex: 1.00
2026-06-04 15:55:41 - PowerGridEvaluation       - INFO    : TIME_INF for lips-poc--powergrid-benchmark1-tf_leapnet_DEFAULT: 0.15522674098610878
2026-06-04 15:55:41 - PhysicsCompliances        - INFO    : Current positivity check passed for a_or
2026-06-04 15:55:41 - PhysicsCompliances        - INFO    : Current positivity check passed for a_ex
2026-06-04 15:55:41 - PowerGridEvaluation       - INFO    : TIME_INF for lips-poc--powergrid-benchmark1-tf_leapnet_DEFAULT: 0.15732018600101583
2026-06-04 15:58:06 - TfFullyConnected          - INFO    : Model {lips-poc--powergrid-benchmark1-tf_fc_DEFAULT} is loaded from {/home/luthfi/lips-poc/models/lips-poc--powergrid-benchmark1-tf_fc_DEFAULT}
2026-06-04 15:58:46 - Benchmark                 - INFO    : Benchmark Benchmark1, evaluation using lips-poc--powergrid-benchmark1-tf_fc_DEFAULT on test dataset
2026-06-04 15:58:50 - PowerGridEvaluation       - INFO    : MSE_avg for a_or: 143833.50
2026-06-04 15:58:50 - PowerGridEvaluation       - INFO    : MSE_avg for a_ex: 280600.12
2026-06-04 15:58:50 - PowerGridEvaluation       - INFO    : MAE_avg for a_or: 261.10
2026-06-04 15:58:50 - PowerGridEvaluation       - INFO    : MAE_avg for a_ex: 376.67
2026-06-04 15:58:50 - PowerGridEvaluation       - INFO    : MAPE_avg for a_or: 4217810624446464.00
2026-06-04 15:58:51 - PowerGridEvaluation       - INFO    : MAPE_avg for a_ex: 4201778048401408.00
2026-06-04 15:58:51 - PowerGridEvaluation       - INFO    : MAPE_90_avg for a_or: 0.93
2026-06-04 15:58:51 - PowerGridEvaluation       - INFO    : MAPE_90_avg for a_ex: 0.95
2026-06-04 15:58:54 - PowerGridEvaluation       - INFO    : TIME_INF for lips-poc--powergrid-benchmark1-tf_fc_DEFAULT: 3.1321559450007044
2026-06-04 15:58:54 - PhysicsCompliances        - INFO    : the sum of negative current values (A) for a_or: 59278.703
2026-06-04 15:58:54 - PhysicsCompliances        - INFO    : the sum of negative current values (A) for a_ex: 58224.766
2026-06-04 15:58:56 - PowerGridEvaluation       - INFO    : TIME_INF for lips-poc--powergrid-benchmark1-tf_fc_DEFAULT: 1.9698364149953704
2026-06-04 15:58:56 - Benchmark                 - INFO    : Benchmark Benchmark1, evaluation using lips-poc--powergrid-benchmark1-tf_fc_DEFAULT on test_ood_topo dataset
2026-06-04 15:58:58 - PowerGridEvaluation       - INFO    : MSE_avg for a_or: 183969.38
2026-06-04 15:58:58 - PowerGridEvaluation       - INFO    : MSE_avg for a_ex: 343423.72
2026-06-04 15:58:58 - PowerGridEvaluation       - INFO    : MAE_avg for a_or: 287.79
2026-06-04 15:58:58 - PowerGridEvaluation       - INFO    : MAE_avg for a_ex: 404.55
2026-06-04 15:58:58 - PowerGridEvaluation       - INFO    : MAPE_avg for a_or: 8467481316294656.00
2026-06-04 15:58:58 - PowerGridEvaluation       - INFO    : MAPE_avg for a_ex: 8423113230385152.00
2026-06-04 15:58:58 - PowerGridEvaluation       - INFO    : MAPE_90_avg for a_or: 0.94
2026-06-04 15:58:58 - PowerGridEvaluation       - INFO    : MAPE_90_avg for a_ex: 0.96
2026-06-04 15:58:59 - PowerGridEvaluation       - INFO    : TIME_INF for lips-poc--powergrid-benchmark1-tf_fc_DEFAULT: 1.1399606610066257
2026-06-04 15:58:59 - PhysicsCompliances        - INFO    : the sum of negative current values (A) for a_or: 57300.695
2026-06-04 15:58:59 - PhysicsCompliances        - INFO    : the sum of negative current values (A) for a_ex: 56330.945
2026-06-04 15:59:00 - PowerGridEvaluation       - INFO    : TIME_INF for lips-poc--powergrid-benchmark1-tf_fc_DEFAULT: 1.1956337279989384
2026-06-07 21:32:52 - TfFullyConnected          - INFO    : Model {lips-poc--powergrid-benchmark1-tf_fc_DEFAULT} is loaded from {/home/luthfi/lips-poc/models/lips-poc--powergrid-benchmark1-tf_fc_DEFAULT}
2026-06-07 21:32:54 - Benchmark                 - INFO    : Benchmark Benchmark1, evaluation using lips-poc--powergrid-benchmark1-tf_fc_DEFAULT on test dataset
2026-06-07 21:32:55 - PowerGridEvaluation       - INFO    : MSE_avg for a_or: 143833.50
2026-06-07 21:32:55 - PowerGridEvaluation       - INFO    : MSE_avg for a_ex: 280600.12
2026-06-07 21:32:55 - PowerGridEvaluation       - INFO    : MAE_avg for a_or: 261.10
2026-06-07 21:32:55 - PowerGridEvaluation       - INFO    : MAE_avg for a_ex: 376.67
2026-06-07 21:32:55 - PowerGridEvaluation       - INFO    : MAPE_avg for a_or: 4217810624446464.00
2026-06-07 21:32:55 - PowerGridEvaluation       - INFO    : MAPE_avg for a_ex: 4201778048401408.00
2026-06-07 21:32:55 - PowerGridEvaluation       - INFO    : MAPE_90_avg for a_or: 0.93
2026-06-07 21:32:55 - PowerGridEvaluation       - INFO    : MAPE_90_avg for a_ex: 0.95
2026-06-07 21:32:55 - PowerGridEvaluation       - INFO    : TIME_INF for lips-poc--powergrid-benchmark1-tf_fc_DEFAULT: 0.08977858402067795
2026-06-07 21:32:55 - PhysicsCompliances        - INFO    : the sum of negative current values (A) for a_or: 59278.703
2026-06-07 21:32:55 - PhysicsCompliances        - INFO    : the sum of negative current values (A) for a_ex: 58224.766
2026-06-07 21:32:55 - PowerGridEvaluation       - INFO    : TIME_INF for lips-poc--powergrid-benchmark1-tf_fc_DEFAULT: 0.10328322398709133
2026-06-07 21:32:55 - Benchmark                 - INFO    : Benchmark Benchmark1, evaluation using lips-poc--powergrid-benchmark1-tf_fc_DEFAULT on test_ood_topo dataset
2026-06-07 21:32:55 - PowerGridEvaluation       - INFO    : MSE_avg for a_or: 183969.38
2026-06-07 21:32:55 - PowerGridEvaluation       - INFO    : MSE_avg for a_ex: 343423.72
2026-06-07 21:32:55 - PowerGridEvaluation       - INFO    : MAE_avg for a_or: 287.79
2026-06-07 21:32:55 - PowerGridEvaluation       - INFO    : MAE_avg for a_ex: 404.55
2026-06-07 21:32:55 - PowerGridEvaluation       - INFO    : MAPE_avg for a_or: 8467481316294656.00
2026-06-07 21:32:55 - PowerGridEvaluation       - INFO    : MAPE_avg for a_ex: 8423113230385152.00
2026-06-07 21:32:55 - PowerGridEvaluation       - INFO    : MAPE_90_avg for a_or: 0.94
2026-06-07 21:32:55 - PowerGridEvaluation       - INFO    : MAPE_90_avg for a_ex: 0.96
2026-06-07 21:32:55 - PowerGridEvaluation       - INFO    : TIME_INF for lips-poc--powergrid-benchmark1-tf_fc_DEFAULT: 0.07332936400780454
2026-06-07 21:32:55 - PhysicsCompliances        - INFO    : the sum of negative current values (A) for a_or: 57300.695
2026-06-07 21:32:55 - PhysicsCompliances        - INFO    : the sum of negative current values (A) for a_ex: 56330.945
2026-06-07 21:32:55 - PowerGridEvaluation       - INFO    : TIME_INF for lips-poc--powergrid-benchmark1-tf_fc_DEFAULT: 0.07450784000684507
2026-06-07 23:53:48 - TfFullyConnected          - INFO    : Model {lips-poc--powergrid-benchmark1-tf_fc_DEFAULT} is loaded from {/home/luthfi/lips-poc/models/lips-poc--powergrid-benchmark1-tf_fc_DEFAULT}
2026-06-07 23:53:51 - Benchmark                 - INFO    : Benchmark Benchmark1, evaluation using lips-poc--powergrid-benchmark1-tf_fc_DEFAULT on test dataset
2026-06-07 23:53:51 - PowerGridEvaluation       - INFO    : MSE_avg for a_or: 143833.50
2026-06-07 23:53:51 - PowerGridEvaluation       - INFO    : MSE_avg for a_ex: 280600.12
2026-06-07 23:53:51 - PowerGridEvaluation       - INFO    : MAE_avg for a_or: 261.10
2026-06-07 23:53:51 - PowerGridEvaluation       - INFO    : MAE_avg for a_ex: 376.67
2026-06-07 23:53:51 - PowerGridEvaluation       - INFO    : MAPE_avg for a_or: 4217810624446464.00
2026-06-07 23:53:51 - PowerGridEvaluation       - INFO    : MAPE_avg for a_ex: 4201778048401408.00
2026-06-07 23:53:51 - PowerGridEvaluation       - INFO    : MAPE_90_avg for a_or: 0.93
2026-06-07 23:53:51 - PowerGridEvaluation       - INFO    : MAPE_90_avg for a_ex: 0.95
2026-06-07 23:53:52 - PowerGridEvaluation       - INFO    : TIME_INF for lips-poc--powergrid-benchmark1-tf_fc_DEFAULT: 0.11471909302053973
2026-06-07 23:53:52 - PhysicsCompliances        - INFO    : the sum of negative current values (A) for a_or: 59278.703
2026-06-07 23:53:52 - PhysicsCompliances        - INFO    : the sum of negative current values (A) for a_ex: 58224.766
2026-06-07 23:53:52 - PowerGridEvaluation       - INFO    : TIME_INF for lips-poc--powergrid-benchmark1-tf_fc_DEFAULT: 0.11850987098296173
2026-06-07 23:53:52 - Benchmark                 - INFO    : Benchmark Benchmark1, evaluation using lips-poc--powergrid-benchmark1-tf_fc_DEFAULT on test_ood_topo dataset
2026-06-07 23:53:52 - PowerGridEvaluation       - INFO    : MSE_avg for a_or: 183969.38
2026-06-07 23:53:52 - PowerGridEvaluation       - INFO    : MSE_avg for a_ex: 343423.72
2026-06-07 23:53:52 - PowerGridEvaluation       - INFO    : MAE_avg for a_or: 287.79
2026-06-07 23:53:52 - PowerGridEvaluation       - INFO    : MAE_avg for a_ex: 404.55
2026-06-07 23:53:52 - PowerGridEvaluation       - INFO    : MAPE_avg for a_or: 8467481316294656.00
2026-06-07 23:53:52 - PowerGridEvaluation       - INFO    : MAPE_avg for a_ex: 8423113230385152.00
2026-06-07 23:53:52 - PowerGridEvaluation       - INFO    : MAPE_90_avg for a_or: 0.94
2026-06-07 23:53:52 - PowerGridEvaluation       - INFO    : MAPE_90_avg for a_ex: 0.96
2026-06-07 23:53:52 - PowerGridEvaluation       - INFO    : TIME_INF for lips-poc--powergrid-benchmark1-tf_fc_DEFAULT: 0.07208278399775736
2026-06-07 23:53:52 - PhysicsCompliances        - INFO    : the sum of negative current values (A) for a_or: 57300.695
2026-06-07 23:53:52 - PhysicsCompliances        - INFO    : the sum of negative current values (A) for a_ex: 56330.945
2026-06-07 23:53:52 - PowerGridEvaluation       - INFO    : TIME_INF for lips-poc--powergrid-benchmark1-tf_fc_DEFAULT: 0.0781778100063093
2026-06-08 09:52:02 - TorchSimulator            - INFO    : Model {lips-poc--powergrid-benchmark1-torch_fc_DEFAULT} is loaded from {/home/luthfi/lips-poc/models/lips-poc--powergrid-benchmark1-torch_fc_DEFAULT}
2026-06-08 09:52:04 - Benchmark                 - INFO    : Benchmark Benchmark1, evaluation using lips-poc--powergrid-benchmark1-torch_fc_DEFAULT on test dataset
2026-06-08 09:52:05 - PowerGridEvaluation       - INFO    : MSE_avg for a_or: 138159.11
2026-06-08 09:52:05 - PowerGridEvaluation       - INFO    : MSE_avg for a_ex: 274343.84
2026-06-08 09:52:05 - PowerGridEvaluation       - INFO    : MAE_avg for a_or: 255.68
2026-06-08 09:52:05 - PowerGridEvaluation       - INFO    : MAE_avg for a_ex: 371.30
2026-06-08 09:52:05 - PowerGridEvaluation       - INFO    : MAPE_avg for a_or: 4327672129781760.00
2026-06-08 09:52:05 - PowerGridEvaluation       - INFO    : MAPE_avg for a_ex: 4333178814726144.00
2026-06-08 09:52:05 - PowerGridEvaluation       - INFO    : MAPE_90_avg for a_or: 0.92
2026-06-08 09:52:05 - PowerGridEvaluation       - INFO    : MAPE_90_avg for a_ex: 0.95
2026-06-08 09:52:05 - PowerGridEvaluation       - INFO    : TIME_INF for lips-poc--powergrid-benchmark1-torch_fc_DEFAULT: 0.024433815997326747
2026-06-08 09:52:05 - PhysicsCompliances        - INFO    : the sum of negative current values (A) for a_or: 12199.729
2026-06-08 09:52:05 - PhysicsCompliances        - INFO    : the sum of negative current values (A) for a_ex: 11982.188
2026-06-08 09:52:05 - PowerGridEvaluation       - INFO    : TIME_INF for lips-poc--powergrid-benchmark1-torch_fc_DEFAULT: 0.019564236979931593
2026-06-08 09:52:05 - Benchmark                 - INFO    : Benchmark Benchmark1, evaluation using lips-poc--powergrid-benchmark1-torch_fc_DEFAULT on test_ood_topo dataset
2026-06-08 09:52:05 - PowerGridEvaluation       - INFO    : MSE_avg for a_or: 177401.70
2026-06-08 09:52:05 - PowerGridEvaluation       - INFO    : MSE_avg for a_ex: 336151.44
2026-06-08 09:52:05 - PowerGridEvaluation       - INFO    : MAE_avg for a_or: 282.50
2026-06-08 09:52:05 - PowerGridEvaluation       - INFO    : MAE_avg for a_ex: 399.27
2026-06-08 09:52:05 - PowerGridEvaluation       - INFO    : MAPE_avg for a_or: 8944863173148672.00
2026-06-08 09:52:05 - PowerGridEvaluation       - INFO    : MAPE_avg for a_ex: 8929179563196416.00
2026-06-08 09:52:05 - PowerGridEvaluation       - INFO    : MAPE_90_avg for a_or: 0.94
2026-06-08 09:52:05 - PowerGridEvaluation       - INFO    : MAPE_90_avg for a_ex: 0.96
2026-06-08 09:52:05 - PowerGridEvaluation       - INFO    : TIME_INF for lips-poc--powergrid-benchmark1-torch_fc_DEFAULT: 0.017553304001921788
2026-06-08 09:52:05 - PhysicsCompliances        - INFO    : the sum of negative current values (A) for a_or: 12188.972
2026-06-08 09:52:05 - PhysicsCompliances        - INFO    : the sum of negative current values (A) for a_ex: 11959.207
2026-06-08 09:52:05 - PowerGridEvaluation       - INFO    : TIME_INF for lips-poc--powergrid-benchmark1-torch_fc_DEFAULT: 0.022820160986157134
2026-06-08 10:22:05 - TfFullyConnected          - INFO    : Model {lips-poc--powergrid-benchmark1-tf_fc_DEFAULT} is loaded from {/home/luthfi/lips-poc/models/lips-poc--powergrid-benchmark1-tf_fc_DEFAULT}
2026-06-08 10:22:08 - Benchmark                 - INFO    : Benchmark Benchmark1, evaluation using lips-poc--powergrid-benchmark1-tf_fc_DEFAULT on test dataset
2026-06-08 10:22:08 - PowerGridEvaluation       - INFO    : MSE_avg for a_or: 143833.50
2026-06-08 10:22:08 - PowerGridEvaluation       - INFO    : MSE_avg for a_ex: 280600.12
2026-06-08 10:22:08 - PowerGridEvaluation       - INFO    : MAE_avg for a_or: 261.10
2026-06-08 10:22:08 - PowerGridEvaluation       - INFO    : MAE_avg for a_ex: 376.67
2026-06-08 10:22:08 - PowerGridEvaluation       - INFO    : MAPE_avg for a_or: 4217810624446464.00
2026-06-08 10:22:08 - PowerGridEvaluation       - INFO    : MAPE_avg for a_ex: 4201778048401408.00
2026-06-08 10:22:08 - PowerGridEvaluation       - INFO    : MAPE_90_avg for a_or: 0.93
2026-06-08 10:22:08 - PowerGridEvaluation       - INFO    : MAPE_90_avg for a_ex: 0.95
2026-06-08 10:22:08 - PowerGridEvaluation       - INFO    : TIME_INF for lips-poc--powergrid-benchmark1-tf_fc_DEFAULT: 0.08660022600088269
2026-06-08 10:22:08 - PhysicsCompliances        - INFO    : the sum of negative current values (A) for a_or: 59278.703
2026-06-08 10:22:08 - PhysicsCompliances        - INFO    : the sum of negative current values (A) for a_ex: 58224.766
2026-06-08 10:22:09 - PowerGridEvaluation       - INFO    : TIME_INF for lips-poc--powergrid-benchmark1-tf_fc_DEFAULT: 0.07893099501961842
2026-06-08 10:22:09 - Benchmark                 - INFO    : Benchmark Benchmark1, evaluation using lips-poc--powergrid-benchmark1-tf_fc_DEFAULT on test_ood_topo dataset
2026-06-08 10:22:09 - PowerGridEvaluation       - INFO    : MSE_avg for a_or: 183969.38
2026-06-08 10:22:09 - PowerGridEvaluation       - INFO    : MSE_avg for a_ex: 343423.72
2026-06-08 10:22:09 - PowerGridEvaluation       - INFO    : MAE_avg for a_or: 287.79
2026-06-08 10:22:09 - PowerGridEvaluation       - INFO    : MAE_avg for a_ex: 404.55
2026-06-08 10:22:09 - PowerGridEvaluation       - INFO    : MAPE_avg for a_or: 8467481316294656.00
2026-06-08 10:22:09 - PowerGridEvaluation       - INFO    : MAPE_avg for a_ex: 8423113230385152.00
2026-06-08 10:22:09 - PowerGridEvaluation       - INFO    : MAPE_90_avg for a_or: 0.94
2026-06-08 10:22:09 - PowerGridEvaluation       - INFO    : MAPE_90_avg for a_ex: 0.96
2026-06-08 10:22:09 - PowerGridEvaluation       - INFO    : TIME_INF for lips-poc--powergrid-benchmark1-tf_fc_DEFAULT: 0.07437089300947264
2026-06-08 10:22:09 - PhysicsCompliances        - INFO    : the sum of negative current values (A) for a_or: 57300.695
2026-06-08 10:22:09 - PhysicsCompliances        - INFO    : the sum of negative current values (A) for a_ex: 56330.945
2026-06-08 10:22:09 - PowerGridEvaluation       - INFO    : TIME_INF for lips-poc--powergrid-benchmark1-tf_fc_DEFAULT: 0.09250604701810516
2026-06-08 11:27:16 - LeapNet                   - INFO    : Model {lips-poc--powergrid-benchmark1-tf_leapnet_DEFAULT} is loaded from {/home/luthfi/lips-poc/models/lips-poc--powergrid-benchmark1-tf_leapnet_DEFAULT}
2026-06-08 11:27:19 - Benchmark                 - INFO    : Benchmark Benchmark1, evaluation using lips-poc--powergrid-benchmark1-tf_leapnet_DEFAULT on test dataset
2026-06-08 11:27:20 - PowerGridEvaluation       - INFO    : MSE_avg for a_or: 414284.31
2026-06-08 11:27:20 - PowerGridEvaluation       - INFO    : MSE_avg for a_ex: 682632.81
2026-06-08 11:27:20 - PowerGridEvaluation       - INFO    : MAE_avg for a_or: 379.87
2026-06-08 11:27:20 - PowerGridEvaluation       - INFO    : MAE_avg for a_ex: 516.10
2026-06-08 11:27:20 - PowerGridEvaluation       - INFO    : MAPE_avg for a_or: 486464591698591744.00
2026-06-08 11:27:20 - PowerGridEvaluation       - INFO    : MAPE_avg for a_ex: 579517600787070976.00
2026-06-08 11:27:20 - PowerGridEvaluation       - INFO    : MAPE_90_avg for a_or: 1.00
2026-06-08 11:27:20 - PowerGridEvaluation       - INFO    : MAPE_90_avg for a_ex: 1.00
2026-06-08 11:27:20 - PowerGridEvaluation       - INFO    : TIME_INF for lips-poc--powergrid-benchmark1-tf_leapnet_DEFAULT: 0.1428897239966318
2026-06-08 11:27:20 - PhysicsCompliances        - INFO    : Current positivity check passed for a_or
2026-06-08 11:27:20 - PhysicsCompliances        - INFO    : Current positivity check passed for a_ex
2026-06-08 11:27:20 - PowerGridEvaluation       - INFO    : TIME_INF for lips-poc--powergrid-benchmark1-tf_leapnet_DEFAULT: 0.11423713699332438
2026-06-08 11:27:20 - Benchmark                 - INFO    : Benchmark Benchmark1, evaluation using lips-poc--powergrid-benchmark1-tf_leapnet_DEFAULT on test_ood_topo dataset
2026-06-08 11:27:20 - PowerGridEvaluation       - INFO    : MSE_avg for a_or: 695104.69
2026-06-08 11:27:20 - PowerGridEvaluation       - INFO    : MSE_avg for a_ex: 1044404.00
2026-06-08 11:27:20 - PowerGridEvaluation       - INFO    : MAE_avg for a_or: 505.11
2026-06-08 11:27:20 - PowerGridEvaluation       - INFO    : MAE_avg for a_ex: 654.33
2026-06-08 11:27:20 - PowerGridEvaluation       - INFO    : MAPE_avg for a_or: 940304680536244224.00
2026-06-08 11:27:20 - PowerGridEvaluation       - INFO    : MAPE_avg for a_ex: 1086399745456340992.00
2026-06-08 11:27:20 - PowerGridEvaluation       - INFO    : MAPE_90_avg for a_or: 1.00
2026-06-08 11:27:20 - PowerGridEvaluation       - INFO    : MAPE_90_avg for a_ex: 1.00
2026-06-08 11:27:20 - PowerGridEvaluation       - INFO    : TIME_INF for lips-poc--powergrid-benchmark1-tf_leapnet_DEFAULT: 0.11755806900328025
2026-06-08 11:27:20 - PhysicsCompliances        - INFO    : Current positivity check passed for a_or
2026-06-08 11:27:20 - PhysicsCompliances        - INFO    : Current positivity check passed for a_ex
2026-06-08 11:27:21 - PowerGridEvaluation       - INFO    : TIME_INF for lips-poc--powergrid-benchmark1-tf_leapnet_DEFAULT: 0.16016050698817708
2026-06-11 15:42:16 - TorchSimulator            - INFO    : Model {lips-poc--powergrid-benchmark1-torch_fc_DEFAULT} is loaded from {/home/luthfi/lips-poc/models/lips-poc--powergrid-benchmark1-torch_fc_DEFAULT}
2026-06-11 15:42:19 - Benchmark                 - INFO    : Benchmark Benchmark1, evaluation using lips-poc--powergrid-benchmark1-torch_fc_DEFAULT on test dataset
2026-06-11 15:42:19 - PowerGridEvaluation       - INFO    : MSE_avg for a_or: 138159.11
2026-06-11 15:42:19 - PowerGridEvaluation       - INFO    : MSE_avg for a_ex: 274343.84
2026-06-11 15:42:19 - PowerGridEvaluation       - INFO    : MAE_avg for a_or: 255.68
2026-06-11 15:42:19 - PowerGridEvaluation       - INFO    : MAE_avg for a_ex: 371.30
2026-06-11 15:42:19 - PowerGridEvaluation       - INFO    : MAPE_avg for a_or: 4327672129781760.00
2026-06-11 15:42:19 - PowerGridEvaluation       - INFO    : MAPE_avg for a_ex: 4333178814726144.00
2026-06-11 15:42:19 - PowerGridEvaluation       - INFO    : MAPE_90_avg for a_or: 0.92
2026-06-11 15:42:19 - PowerGridEvaluation       - INFO    : MAPE_90_avg for a_ex: 0.95
2026-06-11 15:42:19 - PowerGridEvaluation       - INFO    : TIME_INF for lips-poc--powergrid-benchmark1-torch_fc_DEFAULT: 0.017546969989780337
2026-06-11 15:42:19 - PhysicsCompliances        - INFO    : the sum of negative current values (A) for a_or: 12199.729
2026-06-11 15:42:19 - PhysicsCompliances        - INFO    : the sum of negative current values (A) for a_ex: 11982.188
2026-06-11 15:42:19 - PowerGridEvaluation       - INFO    : TIME_INF for lips-poc--powergrid-benchmark1-torch_fc_DEFAULT: 0.01599608501419425
2026-06-11 15:42:19 - Benchmark                 - INFO    : Benchmark Benchmark1, evaluation using lips-poc--powergrid-benchmark1-torch_fc_DEFAULT on test_ood_topo dataset
2026-06-11 15:42:19 - PowerGridEvaluation       - INFO    : MSE_avg for a_or: 177401.70
2026-06-11 15:42:19 - PowerGridEvaluation       - INFO    : MSE_avg for a_ex: 336151.44
2026-06-11 15:42:19 - PowerGridEvaluation       - INFO    : MAE_avg for a_or: 282.50
2026-06-11 15:42:19 - PowerGridEvaluation       - INFO    : MAE_avg for a_ex: 399.27
2026-06-11 15:42:19 - PowerGridEvaluation       - INFO    : MAPE_avg for a_or: 8944863173148672.00
2026-06-11 15:42:19 - PowerGridEvaluation       - INFO    : MAPE_avg for a_ex: 8929179563196416.00
2026-06-11 15:42:19 - PowerGridEvaluation       - INFO    : MAPE_90_avg for a_or: 0.94
2026-06-11 15:42:19 - PowerGridEvaluation       - INFO    : MAPE_90_avg for a_ex: 0.96
2026-06-11 15:42:19 - PowerGridEvaluation       - INFO    : TIME_INF for lips-poc--powergrid-benchmark1-torch_fc_DEFAULT: 0.018637256987858564
2026-06-11 15:42:19 - PhysicsCompliances        - INFO    : the sum of negative current values (A) for a_or: 12188.972
2026-06-11 15:42:19 - PhysicsCompliances        - INFO    : the sum of negative current values (A) for a_ex: 11959.207
2026-06-11 15:42:19 - PowerGridEvaluation       - INFO    : TIME_INF for lips-poc--powergrid-benchmark1-torch_fc_DEFAULT: 0.014367297990247607
